[debug] [2022-05-07T09:07:37.445Z] ----------------------------------------------------------------------
[debug] [2022-05-07T09:07:37.447Z] Command:       C:\Program Files\nodejs\node.exe C:\Users\USER\AppData\Roaming\npm\node_modules\firebase-tools\lib\bin\firebase.js init
[debug] [2022-05-07T09:07:37.447Z] CLI Version:   10.8.0
[debug] [2022-05-07T09:07:37.448Z] Platform:      win32
[debug] [2022-05-07T09:07:37.448Z] Node Version:  v16.13.2
[debug] [2022-05-07T09:07:37.448Z] Time:          Sat May 07 2022 15:07:37 GMT+0600 (Bangladesh Standard Time)
[debug] [2022-05-07T09:07:37.448Z] ----------------------------------------------------------------------
[debug] 
[debug] [2022-05-07T09:07:37.451Z] >>> [apiv2][query] GET https://firebase-public.firebaseio.com/cli.json [none]
[debug] [2022-05-07T09:07:37.468Z] > command requires scopes: ["email","openid","https://www.googleapis.com/auth/cloudplatformprojects.readonly","https://www.googleapis.com/auth/firebase","https://www.googleapis.com/auth/cloud-platform"]
[debug] [2022-05-07T09:07:37.469Z] > authorizing via signed-in user (abdullah.mamun2528@gmail.com)
[info] 
     ######## #### ########  ######## ########     ###     ######  ########
     ##        ##  ##     ## ##       ##     ##  ##   ##  ##       ##
     ######    ##  ########  ######   ########  #########  ######  ######
     ##        ##  ##    ##  ##       ##     ## ##     ##       ## ##
     ##       #### ##     ## ######## ########  ##     ##  ######  ########

You're about to initialize a Firebase project in this directory:

  C:\projects\warehouse-management-client-side-Mamun-NSU

Before we get started, keep in mind:

  * You are currently outside your home directory

[debug] [2022-05-07T09:07:38.446Z] <<< [apiv2][status] GET https://firebase-public.firebaseio.com/cli.json 200
[debug] [2022-05-07T09:07:38.446Z] <<< [apiv2][body] GET https://firebase-public.firebaseio.com/cli.json {"cloudBuildErrorAfter":1594252800000,"cloudBuildWarnAfter":1590019200000,"defaultNode10After":1594252800000,"minVersion":"3.0.5","node8DeploysDisabledAfter":1613390400000,"node8RuntimeDisabledAfter":1615809600000,"node8WarnAfter":1600128000000}
